<?xml version="1.0" encoding="UTF-8"?>
<!-- Generated by org.testng.reporters.JUnitReportReporter -->
<testsuite skipped="0" hostname="Allaa-MacBook-Pro.local" name="testing.gistWEB.LoginTest" tests="1" failures="0" timestamp="2020-09-07T22:05:22 EET" time="0.640" errors="0">
  <testcase name="testSignIn" time="0.640" classname="testing.gistWEB.LoginTest"/>
  <system-out>
Sign In  </system-out>
</testsuite> <!-- testing.gistWEB.LoginTest -->
