<?xml version="1.0" encoding="UTF-8"?>
<!-- Generated by org.testng.reporters.JUnitReportReporter -->
<testsuite skipped="0" hostname="Allaa-MacBook-Pro.local" name="execution.LoginTest" tests="1" failures="0" timestamp="2020-09-07T22:24:33 EET" time="0.586" errors="0">
  <testcase name="testSignIn" time="0.586" classname="execution.LoginTest"/>
  <system-out/>
</testsuite> <!-- execution.LoginTest -->
